<?xml version="1.0" encoding="UTF-8"?>
<!-- Generated by org.testng.reporters.JUnitXMLReporter -->
<testsuite ignored="0" hostname="LAPTOP-AHR2CD7I" failures="2" tests="2" name="Test" time="23.133" errors="0" timestamp="2023-07-13T20:12:51 IST">
  <testcase classname="PolicyBazzarTest.PB_TC_4567_validateUserName" name="validateUserName" time="0.204">
    <failure type="java.lang.AssertionError" message="actual userName and Expected is not matching expected [Rajashri Kadam1] but found [Rajashri Kadam]">
      <![CDATA[java.lang.AssertionError: actual userName and Expected is not matching expected [Rajashri Kadam1] but found [Rajashri Kadam]
at PolicyBazzarTest.PB_TC_4567_validateUserName.validateUserName(PB_TC_4567_validateUserName.java:66)
at java.base/java.util.ArrayList.forEach(ArrayList.java:1511)
... Removed 30 stack frames]]>
    </failure>
  </testcase> <!-- validateUserName -->
  <testcase classname="PolicyBazzarTest.PB_TC_4567_validateUserName" name="validateUserName" time="13.572">
    <failure type="java.lang.NullPointerException" message="Cannot invoke &amp;quot;org.openqa.selenium.TakesScreenshot.getScreenshotAs(org.openqa.selenium.OutputType)&amp;quot; because &amp;quot;driver&amp;quot; is null">
      <![CDATA[java.lang.NullPointerException: Cannot invoke "org.openqa.selenium.TakesScreenshot.getScreenshotAs(org.openqa.selenium.OutputType)" because "driver" is null
at PolicyBazzarUtility.Utility.takeScreenshot(Utility.java:34)
at PolicyBazzarBase.Listener.onTestFailure(Listener.java:21)
at java.base/java.util.ArrayList.forEach(ArrayList.java:1511)
... Removed 24 stack frames]]>
    </failure>
  </testcase> <!-- validateUserName -->
</testsuite> <!-- Test -->
